#! /sw/bin/vvp
:ivl_version "0.9.5 " "(v0_9_5)";
:vpi_time_precision + 0;
:vpi_module "system";
:vpi_module "v2005_math";
:vpi_module "va_math";
S_0x105f168a0 .scope module, "DPU_tb" "DPU_tb" 2 3;
 .timescale 0 0;
v0x105f288c0_0 .var "Abus", 3 0;
v0x105f28940_0 .var "Bbus", 3 0;
v0x105f289c0_0 .var "Rbus", 3 0;
v0x105f28a80_0 .net "cc", 3 0, v0x105f28050_0; 1 drivers
v0x105f28b40_0 .net "k", 23 0, v0x105f28450_0; 1 drivers
v0x105f28bf0_0 .var "n", 2 0;
S_0x105f0cb20 .scope module, "U_DPU" "DPU" 2 42, 3 3, S_0x105f168a0;
 .timescale 0 0;
v0x105f28320_0 .net "Abus", 3 0, v0x105f288c0_0; 1 drivers
v0x105f283c0_0 .net "Bbus", 3 0, v0x105f28940_0; 1 drivers
v0x105f28450_0 .var "Kbus", 23 0;
v0x105f284d0_0 .net "Rbus", 3 0, v0x105f289c0_0; 1 drivers
v0x105f28560_0 .alias "cc", 3 0, v0x105f28a80_0;
v0x105f28610_0 .var "i", 3 0;
v0x105f28690_0 .net "n", 2 0, v0x105f28bf0_0; 1 drivers
v0x105f28770 .array "regFile", 0 15, 7 0;
v0x105f287f0_0 .net "tr", 7 0, v0x105f28180_0; 1 drivers
E_0x105f0ce00 .event edge, v0x105f28180_0;
L_0x105f28cb0 .array/port v0x105f28770, v0x105f288c0_0;
L_0x105f28d80 .array/port v0x105f28770, v0x105f28940_0;
S_0x105f28240 .scope task, "fill" "fill" 3 65, 3 65, S_0x105f0cb20;
 .timescale 0 0;
TD_DPU_tb.U_DPU.fill ;
    %set/v v0x105f28610_0, 0, 4;
T_0.0 ;
    %load/v 8, v0x105f28610_0, 4;
    %mov 12, 0, 2;
   %cmpi/u 8, 14, 6;
    %jmp/0xz T_0.1, 5;
    %load/v 8, v0x105f28610_0, 4;
    %mov 12, 0, 4;
    %ix/getv 3, v0x105f28610_0;
   %jmp/1 t_0, 4;
   %ix/load 1, 0, 0;
   %set/av v0x105f28770, 8, 8;
t_0 ;
    %load/v 8, v0x105f28610_0, 4;
    %mov 12, 0, 28;
    %addi 8, 1, 32;
    %set/v v0x105f28610_0, 8, 4;
    %jmp T_0.0;
T_0.1 ;
    %end;
S_0x105f09680 .scope module, "U_ALU" "ALU" 3 40, 4 1, S_0x105f0cb20;
 .timescale 0 0;
v0x105f0cc00_0 .net "a", 7 0, L_0x105f28cb0; 1 drivers
v0x105f27fc0_0 .net "b", 7 0, L_0x105f28d80; 1 drivers
v0x105f28050_0 .var "cc", 3 0;
v0x105f280f0_0 .alias "n", 2 0, v0x105f28690_0;
v0x105f28180_0 .var "r", 7 0;
E_0x105f0cf80 .event edge, v0x105f280f0_0, v0x105f27fc0_0, v0x105f0cc00_0;
S_0x105f18740 .scope task, "add" "add" 4 55, 4 55, S_0x105f09680;
 .timescale 0 0;
TD_DPU_tb.U_DPU.U_ALU.add ;
    %load/v 8, v0x105f0cc00_0, 8;
    %load/v 16, v0x105f27fc0_0, 8;
    %add 8, 16, 8;
    %set/v v0x105f28180_0, 8, 8;
    %ix/load 0, 0, 0;
    %set/x0 v0x105f28050_0, 1, 1;
    %load/v 8, v0x105f28180_0, 8;
    %mov 16, 0, 1;
    %cmpi/u 8, 0, 9;
    %jmp/0xz  T_1.2, 4;
    %ix/load 0, 1, 0;
    %set/x0 v0x105f28050_0, 1, 1;
T_1.2 ;
    %vpi_call 4 65 "$display", "%b + %b = %b", v0x105f0cc00_0, v0x105f27fc0_0, v0x105f28180_0;
    %end;
S_0x105f18660 .scope task, "divideA" "divideA" 4 103, 4 103, S_0x105f09680;
 .timescale 0 0;
TD_DPU_tb.U_DPU.U_ALU.divideA ;
    %load/v 8, v0x105f0cc00_0, 8;
    %movi 16, 2, 8;
    %div 8, 16, 8;
    %set/v v0x105f28180_0, 8, 8;
    %ix/load 0, 0, 0;
    %set/x0 v0x105f28050_0, 1, 1;
    %load/v 8, v0x105f28180_0, 8;
    %mov 16, 0, 1;
    %cmpi/u 8, 0, 9;
    %jmp/0xz  T_2.4, 4;
    %ix/load 0, 1, 0;
    %set/x0 v0x105f28050_0, 1, 1;
T_2.4 ;
    %vpi_call 4 113 "$display", "%b a/2->r %b", v0x105f0cc00_0, v0x105f28180_0;
    %end;
S_0x105f18580 .scope task, "max" "max" 4 139, 4 139, S_0x105f09680;
 .timescale 0 0;
TD_DPU_tb.U_DPU.U_ALU.max ;
    %load/v 8, v0x105f27fc0_0, 8;
    %load/v 16, v0x105f0cc00_0, 8;
    %cmp/u 8, 16, 8;
    %or 5, 4, 1;
    %jmp/0xz  T_3.6, 5;
    %load/v 8, v0x105f0cc00_0, 8;
    %set/v v0x105f28180_0, 8, 8;
    %ix/load 0, 2, 0;
    %set/x0 v0x105f28050_0, 1, 1;
    %jmp T_3.7;
T_3.6 ;
    %load/v 8, v0x105f27fc0_0, 8;
    %set/v v0x105f28180_0, 8, 8;
    %ix/load 0, 3, 0;
    %set/x0 v0x105f28050_0, 1, 1;
T_3.7 ;
    %vpi_call 4 152 "$display", "%b , %b  MAX= %b", v0x105f0cc00_0, v0x105f27fc0_0, v0x105f28180_0;
    %end;
S_0x105f184a0 .scope task, "min" "min" 4 158, 4 158, S_0x105f09680;
 .timescale 0 0;
TD_DPU_tb.U_DPU.U_ALU.min ;
    %load/v 8, v0x105f0cc00_0, 8;
    %load/v 16, v0x105f27fc0_0, 8;
    %cmp/u 8, 16, 8;
    %jmp/0xz  T_4.8, 5;
    %load/v 8, v0x105f0cc00_0, 8;
    %set/v v0x105f28180_0, 8, 8;
    %ix/load 0, 3, 0;
    %set/x0 v0x105f28050_0, 1, 1;
    %jmp T_4.9;
T_4.8 ;
    %load/v 8, v0x105f27fc0_0, 8;
    %set/v v0x105f28180_0, 8, 8;
    %ix/load 0, 2, 0;
    %set/x0 v0x105f28050_0, 1, 1;
T_4.9 ;
    %vpi_call 4 171 "$display", "%b , %b  MIN= %b", v0x105f0cc00_0, v0x105f27fc0_0, v0x105f28180_0;
    %end;
S_0x105f183c0 .scope task, "multiplyA" "multiplyA" 4 87, 4 87, S_0x105f09680;
 .timescale 0 0;
TD_DPU_tb.U_DPU.U_ALU.multiplyA ;
    %load/v 8, v0x105f0cc00_0, 8;
    %movi 16, 0, 8;
    %muli 8, 2, 16;
    %set/v v0x105f28180_0, 8, 8;
    %ix/load 0, 0, 0;
    %set/x0 v0x105f28050_0, 1, 1;
    %load/v 8, v0x105f28180_0, 8;
    %mov 16, 0, 1;
    %cmpi/u 8, 0, 9;
    %jmp/0xz  T_5.10, 4;
    %ix/load 0, 1, 0;
    %set/x0 v0x105f28050_0, 1, 1;
T_5.10 ;
    %vpi_call 4 97 "$display", "%b a*2->r %b", v0x105f0cc00_0, v0x105f28180_0;
    %end;
S_0x105f018d0 .scope task, "passA" "passA" 4 129, 4 129, S_0x105f09680;
 .timescale 0 0;
TD_DPU_tb.U_DPU.U_ALU.passA ;
    %load/v 8, v0x105f0cc00_0, 8;
    %set/v v0x105f28180_0, 8, 8;
    %vpi_call 4 132 "$display", "%b  a=>r  %b", v0x105f0cc00_0, v0x105f28180_0;
    %end;
S_0x105f017f0 .scope task, "passB" "passB" 4 119, 4 119, S_0x105f09680;
 .timescale 0 0;
TD_DPU_tb.U_DPU.U_ALU.passB ;
    %load/v 8, v0x105f27fc0_0, 8;
    %set/v v0x105f28180_0, 8, 8;
    %vpi_call 4 122 "$display", "%b  b=>r  %b", v0x105f27fc0_0, v0x105f28180_0;
    %end;
S_0x105f09760 .scope task, "subtract" "subtract" 4 71, 4 71, S_0x105f09680;
 .timescale 0 0;
TD_DPU_tb.U_DPU.U_ALU.subtract ;
    %load/v 8, v0x105f0cc00_0, 8;
    %load/v 16, v0x105f27fc0_0, 8;
    %sub 8, 16, 8;
    %set/v v0x105f28180_0, 8, 8;
    %ix/load 0, 0, 0;
    %set/x0 v0x105f28050_0, 1, 1;
    %load/v 8, v0x105f28180_0, 8;
    %mov 16, 0, 1;
    %cmpi/u 8, 0, 9;
    %jmp/0xz  T_8.12, 4;
    %ix/load 0, 1, 0;
    %set/x0 v0x105f28050_0, 1, 1;
T_8.12 ;
    %vpi_call 4 81 "$display", "%b - %b = %b", v0x105f0cc00_0, v0x105f27fc0_0, v0x105f28180_0;
    %end;
    .scope S_0x105f09680;
T_9 ;
    %wait E_0x105f0cf80;
    %set/v v0x105f28050_0, 0, 4;
    %load/v 8, v0x105f280f0_0, 3;
    %cmpi/u 8, 0, 3;
    %jmp/1 T_9.0, 6;
    %cmpi/u 8, 1, 3;
    %jmp/1 T_9.1, 6;
    %cmpi/u 8, 2, 3;
    %jmp/1 T_9.2, 6;
    %cmpi/u 8, 3, 3;
    %jmp/1 T_9.3, 6;
    %cmpi/u 8, 4, 3;
    %jmp/1 T_9.4, 6;
    %cmpi/u 8, 5, 3;
    %jmp/1 T_9.5, 6;
    %cmpi/u 8, 6, 3;
    %jmp/1 T_9.6, 6;
    %cmpi/u 8, 7, 3;
    %jmp/1 T_9.7, 6;
    %vpi_call 4 45 "$display", "Unknown Command";
    %jmp T_9.9;
T_9.0 ;
    %fork TD_DPU_tb.U_DPU.U_ALU.add, S_0x105f18740;
    %join;
    %jmp T_9.9;
T_9.1 ;
    %fork TD_DPU_tb.U_DPU.U_ALU.subtract, S_0x105f09760;
    %join;
    %jmp T_9.9;
T_9.2 ;
    %fork TD_DPU_tb.U_DPU.U_ALU.multiplyA, S_0x105f183c0;
    %join;
    %jmp T_9.9;
T_9.3 ;
    %fork TD_DPU_tb.U_DPU.U_ALU.divideA, S_0x105f18660;
    %join;
    %jmp T_9.9;
T_9.4 ;
    %fork TD_DPU_tb.U_DPU.U_ALU.passA, S_0x105f018d0;
    %join;
    %jmp T_9.9;
T_9.5 ;
    %fork TD_DPU_tb.U_DPU.U_ALU.passB, S_0x105f017f0;
    %join;
    %jmp T_9.9;
T_9.6 ;
    %fork TD_DPU_tb.U_DPU.U_ALU.max, S_0x105f18580;
    %join;
    %jmp T_9.9;
T_9.7 ;
    %fork TD_DPU_tb.U_DPU.U_ALU.min, S_0x105f184a0;
    %join;
    %jmp T_9.9;
T_9.9 ;
    %jmp T_9;
    .thread T_9, $push;
    .scope S_0x105f0cb20;
T_10 ;
    %fork TD_DPU_tb.U_DPU.fill, S_0x105f28240;
    %join;
    %end;
    .thread T_10;
    .scope S_0x105f0cb20;
T_11 ;
    %wait E_0x105f0ce00;
    %load/v 8, v0x105f287f0_0, 8;
    %ix/getv 3, v0x105f284d0_0;
   %jmp/1 t_1, 4;
   %ix/load 1, 0, 0;
   %set/av v0x105f28770, 8, 8;
t_1 ;
    %vpi_call 3 53 "$display", "here Rbus = %b", v0x105f284d0_0;
    %ix/load 3, 9, 0;
    %mov 4, 0, 1;
    %load/av 8, v0x105f28770, 8;
    %mov 16, 0, 16;
    %ix/load 0, 16, 0;
    %mov 4, 0, 1;
    %shiftl/i0  8, 24;
    %ix/load 3, 10, 0;
    %mov 4, 0, 1;
    %load/av 32, v0x105f28770, 8;
    %mov 40, 0, 16;
    %ix/load 0, 8, 0;
    %mov 4, 0, 1;
    %shiftl/i0  32, 24;
    %add 8, 32, 24;
    %ix/load 3, 11, 0;
    %mov 4, 0, 1;
    %load/av 32, v0x105f28770, 8;
    %mov 40, 0, 16;
    %add 8, 32, 24;
    %set/v v0x105f28450_0, 8, 24;
    %jmp T_11;
    .thread T_11, $push;
    .scope S_0x105f168a0;
T_12 ;
    %vpi_call 2 16 "$monitor", "K = %b", v0x105f28b40_0;
    %movi 8, 11, 4;
    %ix/load 0, 4, 0;
    %assign/v0 v0x105f288c0_0, 0, 8;
    %movi 8, 8, 4;
    %ix/load 0, 4, 0;
    %assign/v0 v0x105f28940_0, 0, 8;
    %movi 8, 9, 4;
    %ix/load 0, 4, 0;
    %assign/v0 v0x105f289c0_0, 0, 8;
    %ix/load 0, 3, 0;
    %assign/v0 v0x105f28bf0_0, 0, 0;
    %delay 10, 0;
    %movi 8, 3, 4;
    %ix/load 0, 4, 0;
    %assign/v0 v0x105f288c0_0, 0, 8;
    %movi 8, 10, 4;
    %ix/load 0, 4, 0;
    %assign/v0 v0x105f28940_0, 0, 8;
    %movi 8, 10, 4;
    %ix/load 0, 4, 0;
    %assign/v0 v0x105f289c0_0, 0, 8;
    %movi 8, 4, 3;
    %ix/load 0, 3, 0;
    %assign/v0 v0x105f28bf0_0, 0, 8;
    %delay 10, 0;
    %ix/load 0, 4, 0;
    %assign/v0 v0x105f288c0_0, 0, 0;
    %ix/load 0, 4, 0;
    %assign/v0 v0x105f28940_0, 0, 0;
    %movi 8, 11, 4;
    %ix/load 0, 4, 0;
    %assign/v0 v0x105f289c0_0, 0, 8;
    %movi 8, 4, 3;
    %ix/load 0, 3, 0;
    %assign/v0 v0x105f28bf0_0, 0, 8;
    %end;
    .thread T_12;
# The file index is used to find the file name in the following table.
:file_names 5;
    "N/A";
    "<interactive>";
    "DPU_tb.v";
    "./DPU.v";
    "./ALU.v";
