#! /usr/local/bin/vvp
:ivl_version "0.9.5 " "(v0_9_5)";
:vpi_time_precision + 0;
:vpi_module "system";
:vpi_module "v2005_math";
:vpi_module "va_math";
S_0x10b509770 .scope module, "CCU_tb" "CCU_tb" 2 3;
 .timescale 0 0;
v0x10b541450_0 .net "Kbus", 23 0, v0x10b5401f0_0; 1 drivers
v0x10b5414d0_0 .var "clk", 0 0;
v0x10b541550_0 .var "cmd", 7 0;
v0x10b5415d0_0 .var "i", 4 0;
S_0x10b509850 .scope module, "U_CCU" "CCU" 2 34, 3 3, S_0x10b509770;
 .timescale 0 0;
v0x10b540a70_0 .var "Abus", 3 0;
v0x10b540af0_0 .var "Bbus", 3 0;
v0x10b540b70_0 .alias "Kbus", 23 0, v0x10b541450_0;
v0x10b540c10_0 .var "Lstate", 6 0;
v0x10b540c90_0 .var "Pstate", 3 0;
v0x10b540d10_0 .var "Rbus", 3 0;
v0x10b540db0_0 .net "cc", 3 0, v0x10b53fd60_0; 1 drivers
v0x10b540eb0_0 .net "clk", 0 0, v0x10b5414d0_0; 1 drivers
v0x10b540f30_0 .net "cmd", 7 0, v0x10b541550_0; 1 drivers
v0x10b541000_0 .var "mData", 7 0;
v0x10b541080_0 .var "n", 3 0;
v0x10b541160_0 .var "outEnable", 0 0;
v0x10b5411e0_0 .var "state", 1 0;
v0x10b5412d0_0 .var "tx", 7 0;
v0x10b541350_0 .var "txe", 7 0;
E_0x10b528d40 .event posedge, v0x10b540eb0_0;
S_0x10b540990 .scope task, "line" "line" 3 245, 3 245, S_0x10b509850;
 .timescale 0 0;
TD_CCU_tb.U_CCU.line ;
    %movi 8, 2, 2;
    %set/v v0x10b5411e0_0, 8, 2;
    %movi 10, 1, 7;
    %set/v v0x10b540c10_0, 10, 7;
    %vpi_call 3 249 "$display", "Line";
    %end;
S_0x10b5408b0 .scope task, "loop" "loop" 3 171, 3 171, S_0x10b509850;
 .timescale 0 0;
TD_CCU_tb.U_CCU.loop ;
T_1.0 ;
    %load/v 8, v0x10b5412d0_0, 8;
    %load/v 16, v0x10b541350_0, 8;
    %cmp/u 8, 16, 8;
    %or 5, 4, 1;
    %jmp/0xz T_1.1, 5;
    %set/v v0x10b541080_0, 0, 4;
    %movi 8, 9, 4;
    %set/v v0x10b540d10_0, 8, 4;
    %movi 12, 9, 4;
    %set/v v0x10b540a70_0, 12, 4;
    %movi 16, 12, 4;
    %set/v v0x10b540af0_0, 16, 4;
    %movi 20, 6, 4;
    %set/v v0x10b541080_0, 20, 4;
    %movi 20, 14, 4;
    %set/v v0x10b540d10_0, 20, 4;
    %movi 24, 2, 4;
    %set/v v0x10b540a70_0, 24, 4;
    %movi 24, 13, 4;
    %set/v v0x10b540af0_0, 24, 4;
    %ix/load 1, 3, 0;
    %mov 4, 0, 1;
    %jmp/1 T_1.2, 4;
    %load/x1p 31, v0x10b540db0_0, 1;
    %jmp T_1.3;
T_1.2 ;
    %mov 31, 2, 1;
T_1.3 ;
    %mov 28, 31, 1; Move signal select into place
    %mov 29, 0, 2;
    %cmpi/u 28, 1, 3;
    %jmp/0xz  T_1.4, 4;
    %set/v v0x10b541080_0, 0, 4;
    %movi 28, 2, 4;
    %set/v v0x10b540d10_0, 28, 4;
    %movi 28, 2, 4;
    %set/v v0x10b540a70_0, 28, 4;
    %movi 28, 4, 4;
    %set/v v0x10b540af0_0, 28, 4;
    %jmp T_1.5;
T_1.4 ;
    %set/v v0x10b541080_0, 0, 4;
    %movi 8, 10, 4;
    %set/v v0x10b540d10_0, 8, 4;
    %movi 12, 10, 4;
    %set/v v0x10b540a70_0, 12, 4;
    %movi 16, 12, 4;
    %set/v v0x10b540af0_0, 16, 4;
    %set/v v0x10b541080_0, 0, 4;
    %movi 20, 2, 4;
    %set/v v0x10b540d10_0, 20, 4;
    %movi 20, 2, 4;
    %set/v v0x10b540a70_0, 20, 4;
    %movi 20, 3, 4;
    %set/v v0x10b540af0_0, 20, 4;
T_1.5 ;
    %jmp T_1.0;
T_1.1 ;
    %set/v v0x10b540c10_0, 0, 7;
    %set/v v0x10b5411e0_0, 0, 2;
    %end;
S_0x10b5407d0 .scope task, "point" "point" 3 233, 3 233, S_0x10b509850;
 .timescale 0 0;
TD_CCU_tb.U_CCU.point ;
    %movi 8, 1, 2;
    %set/v v0x10b5411e0_0, 8, 2;
    %movi 8, 1, 4;
    %set/v v0x10b540c90_0, 8, 4;
    %vpi_call 3 237 "$display", "Point";
    %end;
S_0x10b51c510 .scope module, "U_DPU" "DPU" 3 255, 4 3, S_0x10b509850;
 .timescale 0 0;
v0x10b5400c0_0 .net "Abus", 3 0, v0x10b540a70_0; 1 drivers
v0x10b540160_0 .net "Bbus", 3 0, v0x10b540af0_0; 1 drivers
v0x10b5401f0_0 .var "Kbus", 23 0;
v0x10b540270_0 .net "Rbus", 3 0, v0x10b540d10_0; 1 drivers
v0x10b540300_0 .alias "cc", 3 0, v0x10b540db0_0;
v0x10b5403b0_0 .var "i", 3 0;
v0x10b540430_0 .net "mData", 7 0, v0x10b541000_0; 1 drivers
v0x10b540500_0 .net "n", 3 0, v0x10b541080_0; 1 drivers
v0x10b5405a0_0 .net "outEnable", 0 0, v0x10b541160_0; 1 drivers
v0x10b540670 .array "regFile", 0 15, 7 0;
v0x10b5406f0_0 .net "tr", 7 0, v0x10b53ff50_0; 1 drivers
E_0x10b509fe0 .event edge, v0x10b540270_0;
E_0x10b50a160 .event edge, v0x10b53ff50_0;
E_0x10b50a850 .event edge, v0x10b540270_0, v0x10b53fe00_0;
L_0x10b541650 .array/port v0x10b540670, v0x10b540a70_0;
L_0x10b5416e0 .array/port v0x10b540670, v0x10b540af0_0;
S_0x10b53ffe0 .scope task, "fill" "fill" 4 94, 4 94, S_0x10b51c510;
 .timescale 0 0;
TD_CCU_tb.U_CCU.U_DPU.fill ;
    %set/v v0x10b5403b0_0, 0, 4;
T_3.6 ;
    %load/v 8, v0x10b5403b0_0, 4;
    %mov 12, 0, 2;
   %cmpi/u 8, 14, 6;
    %jmp/0xz T_3.7, 5;
    %load/v 8, v0x10b5403b0_0, 4;
    %mov 12, 0, 4;
    %ix/getv 3, v0x10b5403b0_0;
   %jmp/1 t_0, 4;
   %ix/load 1, 0, 0;
   %set/av v0x10b540670, 8, 8;
t_0 ;
    %load/v 8, v0x10b5403b0_0, 4;
    %mov 12, 0, 28;
    %addi 8, 1, 32;
    %set/v v0x10b5403b0_0, 8, 4;
    %jmp T_3.6;
T_3.7 ;
    %end;
S_0x10b51c5f0 .scope module, "U_ALU" "ALU" 4 58, 5 1, S_0x10b51c510;
 .timescale 0 0;
v0x10b528980_0 .net "a", 7 0, L_0x10b541650; 1 drivers
v0x10b53fcd0_0 .net "b", 7 0, L_0x10b5416e0; 1 drivers
v0x10b53fd60_0 .var "cc", 3 0;
v0x10b53fe00_0 .alias "n", 3 0, v0x10b540500_0;
v0x10b53fe90_0 .alias "outEnable", 0 0, v0x10b5405a0_0;
v0x10b53ff50_0 .var "r", 7 0;
E_0x10b50a2e0 .event edge, v0x10b53fe00_0, v0x10b53fcd0_0, v0x10b528980_0;
S_0x10b5308f0 .scope task, "add" "add" 5 57, 5 57, S_0x10b51c5f0;
 .timescale 0 0;
TD_CCU_tb.U_CCU.U_DPU.U_ALU.add ;
    %load/v 8, v0x10b528980_0, 8;
    %load/v 16, v0x10b53fcd0_0, 8;
    %add 8, 16, 8;
    %set/v v0x10b53ff50_0, 8, 8;
    %ix/load 0, 0, 0;
    %set/x0 v0x10b53fd60_0, 1, 1;
    %load/v 8, v0x10b53ff50_0, 8;
    %mov 16, 0, 1;
    %cmpi/u 8, 0, 9;
    %jmp/0xz  T_4.8, 4;
    %ix/load 0, 1, 0;
    %set/x0 v0x10b53fd60_0, 1, 1;
T_4.8 ;
    %vpi_call 5 67 "$display", "%b + %b = %b", v0x10b528980_0, v0x10b53fcd0_0, v0x10b53ff50_0;
    %end;
S_0x10b530810 .scope task, "divideA" "divideA" 5 105, 5 105, S_0x10b51c5f0;
 .timescale 0 0;
TD_CCU_tb.U_CCU.U_DPU.U_ALU.divideA ;
    %load/v 8, v0x10b528980_0, 8;
    %movi 16, 2, 8;
    %div 8, 16, 8;
    %set/v v0x10b53ff50_0, 8, 8;
    %ix/load 0, 0, 0;
    %set/x0 v0x10b53fd60_0, 1, 1;
    %load/v 8, v0x10b53ff50_0, 8;
    %mov 16, 0, 1;
    %cmpi/u 8, 0, 9;
    %jmp/0xz  T_5.10, 4;
    %ix/load 0, 1, 0;
    %set/x0 v0x10b53fd60_0, 1, 1;
T_5.10 ;
    %vpi_call 5 115 "$display", "%b a/2->r %b", v0x10b528980_0, v0x10b53ff50_0;
    %end;
S_0x10b530730 .scope task, "max" "max" 5 141, 5 141, S_0x10b51c5f0;
 .timescale 0 0;
TD_CCU_tb.U_CCU.U_DPU.U_ALU.max ;
    %load/v 8, v0x10b53fcd0_0, 8;
    %load/v 16, v0x10b528980_0, 8;
    %cmp/u 8, 16, 8;
    %or 5, 4, 1;
    %jmp/0xz  T_6.12, 5;
    %load/v 8, v0x10b528980_0, 8;
    %set/v v0x10b53ff50_0, 8, 8;
    %ix/load 0, 2, 0;
    %set/x0 v0x10b53fd60_0, 1, 1;
    %jmp T_6.13;
T_6.12 ;
    %load/v 8, v0x10b53fcd0_0, 8;
    %set/v v0x10b53ff50_0, 8, 8;
    %ix/load 0, 3, 0;
    %set/x0 v0x10b53fd60_0, 1, 1;
T_6.13 ;
    %vpi_call 5 154 "$display", "%b , %b  MAX= %b", v0x10b528980_0, v0x10b53fcd0_0, v0x10b53ff50_0;
    %end;
S_0x10b530650 .scope task, "min" "min" 5 160, 5 160, S_0x10b51c5f0;
 .timescale 0 0;
TD_CCU_tb.U_CCU.U_DPU.U_ALU.min ;
    %load/v 8, v0x10b528980_0, 8;
    %load/v 16, v0x10b53fcd0_0, 8;
    %cmp/u 8, 16, 8;
    %jmp/0xz  T_7.14, 5;
    %load/v 8, v0x10b528980_0, 8;
    %set/v v0x10b53ff50_0, 8, 8;
    %ix/load 0, 3, 0;
    %set/x0 v0x10b53fd60_0, 1, 1;
    %jmp T_7.15;
T_7.14 ;
    %load/v 8, v0x10b53fcd0_0, 8;
    %set/v v0x10b53ff50_0, 8, 8;
    %ix/load 0, 2, 0;
    %set/x0 v0x10b53fd60_0, 1, 1;
T_7.15 ;
    %vpi_call 5 173 "$display", "%b , %b  MIN= %b", v0x10b528980_0, v0x10b53fcd0_0, v0x10b53ff50_0;
    %end;
S_0x10b501850 .scope task, "multiplyA" "multiplyA" 5 89, 5 89, S_0x10b51c5f0;
 .timescale 0 0;
TD_CCU_tb.U_CCU.U_DPU.U_ALU.multiplyA ;
    %load/v 8, v0x10b528980_0, 8;
    %movi 16, 0, 8;
    %muli 8, 2, 16;
    %set/v v0x10b53ff50_0, 8, 8;
    %ix/load 0, 0, 0;
    %set/x0 v0x10b53fd60_0, 1, 1;
    %load/v 8, v0x10b53ff50_0, 8;
    %mov 16, 0, 1;
    %cmpi/u 8, 0, 9;
    %jmp/0xz  T_8.16, 4;
    %ix/load 0, 1, 0;
    %set/x0 v0x10b53fd60_0, 1, 1;
T_8.16 ;
    %vpi_call 5 99 "$display", "%b a*2->r %b", v0x10b528980_0, v0x10b53ff50_0;
    %end;
S_0x10b501770 .scope task, "passA" "passA" 5 131, 5 131, S_0x10b51c5f0;
 .timescale 0 0;
TD_CCU_tb.U_CCU.U_DPU.U_ALU.passA ;
    %load/v 8, v0x10b528980_0, 8;
    %set/v v0x10b53ff50_0, 8, 8;
    %vpi_call 5 134 "$display", "%b  a=>r  %b", v0x10b528980_0, v0x10b53ff50_0;
    %end;
S_0x10b50e510 .scope task, "passB" "passB" 5 121, 5 121, S_0x10b51c5f0;
 .timescale 0 0;
TD_CCU_tb.U_CCU.U_DPU.U_ALU.passB ;
    %load/v 8, v0x10b53fcd0_0, 8;
    %set/v v0x10b53ff50_0, 8, 8;
    %vpi_call 5 124 "$display", "%b  b=>r  %b", v0x10b53fcd0_0, v0x10b53ff50_0;
    %end;
S_0x10b50e430 .scope task, "subtract" "subtract" 5 73, 5 73, S_0x10b51c5f0;
 .timescale 0 0;
TD_CCU_tb.U_CCU.U_DPU.U_ALU.subtract ;
    %load/v 8, v0x10b528980_0, 8;
    %load/v 16, v0x10b53fcd0_0, 8;
    %sub 8, 16, 8;
    %set/v v0x10b53ff50_0, 8, 8;
    %ix/load 0, 0, 0;
    %set/x0 v0x10b53fd60_0, 1, 1;
    %load/v 8, v0x10b53ff50_0, 8;
    %mov 16, 0, 1;
    %cmpi/u 8, 0, 9;
    %jmp/0xz  T_11.18, 4;
    %ix/load 0, 1, 0;
    %set/x0 v0x10b53fd60_0, 1, 1;
T_11.18 ;
    %vpi_call 5 83 "$display", "%b - %b = %b", v0x10b528980_0, v0x10b53fcd0_0, v0x10b53ff50_0;
    %end;
    .scope S_0x10b51c5f0;
T_12 ;
    %wait E_0x10b50a2e0;
    %set/v v0x10b53fd60_0, 0, 4;
    %load/v 8, v0x10b53fe00_0, 4;
    %cmpi/u 8, 0, 4;
    %jmp/1 T_12.0, 6;
    %cmpi/u 8, 1, 4;
    %jmp/1 T_12.1, 6;
    %cmpi/u 8, 2, 4;
    %jmp/1 T_12.2, 6;
    %cmpi/u 8, 3, 4;
    %jmp/1 T_12.3, 6;
    %cmpi/u 8, 4, 4;
    %jmp/1 T_12.4, 6;
    %cmpi/u 8, 5, 4;
    %jmp/1 T_12.5, 6;
    %cmpi/u 8, 6, 4;
    %jmp/1 T_12.6, 6;
    %cmpi/u 8, 7, 4;
    %jmp/1 T_12.7, 6;
    %vpi_call 5 47 "$display", "Unknown Command";
    %jmp T_12.9;
T_12.0 ;
    %fork TD_CCU_tb.U_CCU.U_DPU.U_ALU.add, S_0x10b5308f0;
    %join;
    %jmp T_12.9;
T_12.1 ;
    %fork TD_CCU_tb.U_CCU.U_DPU.U_ALU.subtract, S_0x10b50e430;
    %join;
    %jmp T_12.9;
T_12.2 ;
    %fork TD_CCU_tb.U_CCU.U_DPU.U_ALU.multiplyA, S_0x10b501850;
    %join;
    %jmp T_12.9;
T_12.3 ;
    %fork TD_CCU_tb.U_CCU.U_DPU.U_ALU.divideA, S_0x10b530810;
    %join;
    %jmp T_12.9;
T_12.4 ;
    %fork TD_CCU_tb.U_CCU.U_DPU.U_ALU.passA, S_0x10b501770;
    %join;
    %jmp T_12.9;
T_12.5 ;
    %fork TD_CCU_tb.U_CCU.U_DPU.U_ALU.passB, S_0x10b50e510;
    %join;
    %jmp T_12.9;
T_12.6 ;
    %fork TD_CCU_tb.U_CCU.U_DPU.U_ALU.max, S_0x10b530730;
    %join;
    %jmp T_12.9;
T_12.7 ;
    %fork TD_CCU_tb.U_CCU.U_DPU.U_ALU.min, S_0x10b530650;
    %join;
    %jmp T_12.9;
T_12.9 ;
    %jmp T_12;
    .thread T_12, $push;
    .scope S_0x10b51c510;
T_13 ;
    %movi 8, 1, 8;
   %ix/load 1, 0, 0;
   %ix/load 3, 12, 0;
   %set/av v0x10b540670, 8, 8;
   %ix/load 1, 0, 0;
   %ix/load 3, 13, 0;
   %set/av v0x10b540670, 0, 8;
    %end;
    .thread T_13;
    .scope S_0x10b51c510;
T_14 ;
    %wait E_0x10b50a850;
    %load/v 8, v0x10b540500_0, 4;
    %mov 12, 0, 2;
    %cmpi/u 8, 8, 6;
    %jmp/0xz  T_14.0, 4;
    %load/v 8, v0x10b540430_0, 8;
    %ix/getv 3, v0x10b540270_0;
   %jmp/1 t_1, 4;
   %ix/load 1, 0, 0;
   %set/av v0x10b540670, 8, 8;
t_1 ;
T_14.0 ;
    %jmp T_14;
    .thread T_14, $push;
    .scope S_0x10b51c510;
T_15 ;
    %wait E_0x10b50a160;
    %load/v 8, v0x10b5406f0_0, 8;
    %ix/getv 3, v0x10b540270_0;
   %jmp/1 t_2, 4;
   %ix/load 1, 0, 0;
   %set/av v0x10b540670, 8, 8;
t_2 ;
    %ix/load 3, 9, 0;
    %mov 4, 0, 1;
    %load/av 8, v0x10b540670, 8;
    %mov 16, 0, 16;
    %ix/load 0, 16, 0;
    %mov 4, 0, 1;
    %shiftl/i0  8, 24;
    %ix/load 3, 10, 0;
    %mov 4, 0, 1;
    %load/av 32, v0x10b540670, 8;
    %mov 40, 0, 16;
    %ix/load 0, 8, 0;
    %mov 4, 0, 1;
    %shiftl/i0  32, 24;
    %add 8, 32, 24;
    %ix/load 3, 11, 0;
    %mov 4, 0, 1;
    %load/av 32, v0x10b540670, 8;
    %mov 40, 0, 16;
    %add 8, 32, 24;
    %set/v v0x10b5401f0_0, 8, 24;
    %jmp T_15;
    .thread T_15, $push;
    .scope S_0x10b51c510;
T_16 ;
    %wait E_0x10b509fe0;
    %vpi_call 4 84 "$display", "\012Printout:";
    %set/v v0x10b5403b0_0, 0, 4;
T_16.0 ;
    %load/v 8, v0x10b5403b0_0, 4;
    %mov 12, 0, 2;
   %cmpi/u 8, 12, 6;
    %jmp/0xz T_16.1, 5;
    %vpi_call 4 86 "$display", "Bit #%d -> %b", v0x10b5403b0_0, &A<v0x10b540670, v0x10b5403b0_0 >;
    %load/v 8, v0x10b5403b0_0, 4;
    %mov 12, 0, 28;
    %addi 8, 1, 32;
    %set/v v0x10b5403b0_0, 8, 4;
    %jmp T_16.0;
T_16.1 ;
    %jmp T_16;
    .thread T_16, $push;
    .scope S_0x10b509850;
T_17 ;
    %set/v v0x10b5411e0_0, 0, 2;
    %set/v v0x10b540c90_0, 0, 4;
    %set/v v0x10b540c10_0, 0, 7;
    %end;
    .thread T_17;
    .scope S_0x10b509850;
T_18 ;
    %wait E_0x10b528d40;
    %load/v 8, v0x10b5411e0_0, 2;
    %mov 10, 0, 1;
    %cmpi/u 8, 0, 3;
    %jmp/0xz  T_18.0, 4;
    %load/v 8, v0x10b540f30_0, 8;
    %cmpi/u 8, 76, 8;
    %jmp/1 T_18.2, 6;
    %cmpi/u 8, 80, 8;
    %jmp/1 T_18.3, 6;
    %jmp T_18.4;
T_18.2 ;
    %fork TD_CCU_tb.U_CCU.line, S_0x10b540990;
    %join;
    %jmp T_18.4;
T_18.3 ;
    %fork TD_CCU_tb.U_CCU.point, S_0x10b5407d0;
    %join;
    %jmp T_18.4;
T_18.4 ;
T_18.0 ;
    %load/v 8, v0x10b5411e0_0, 2;
    %mov 10, 0, 1;
    %cmpi/u 8, 1, 3;
    %jmp/0xz  T_18.5, 4;
    %load/v 8, v0x10b540c90_0, 4;
    %cmpi/u 8, 1, 4;
    %jmp/1 T_18.7, 6;
    %cmpi/u 8, 2, 4;
    %jmp/1 T_18.8, 6;
    %cmpi/u 8, 3, 4;
    %jmp/1 T_18.9, 6;
    %jmp T_18.10;
T_18.7 ;
    %movi 8, 8, 4;
    %set/v v0x10b541080_0, 8, 4;
    %movi 12, 9, 4;
    %set/v v0x10b540d10_0, 12, 4;
    %load/v 16, v0x10b540f30_0, 8;
    %set/v v0x10b541000_0, 16, 8;
    %load/v 16, v0x10b540c90_0, 4;
    %mov 20, 0, 28;
    %addi 16, 1, 32;
    %set/v v0x10b540c90_0, 16, 4;
    %jmp T_18.10;
T_18.8 ;
    %movi 8, 8, 4;
    %set/v v0x10b541080_0, 8, 4;
    %movi 12, 10, 4;
    %set/v v0x10b540d10_0, 12, 4;
    %load/v 16, v0x10b540f30_0, 8;
    %set/v v0x10b541000_0, 16, 8;
    %load/v 16, v0x10b540c90_0, 4;
    %mov 20, 0, 28;
    %addi 16, 1, 32;
    %set/v v0x10b540c90_0, 16, 4;
    %jmp T_18.10;
T_18.9 ;
    %movi 8, 8, 4;
    %set/v v0x10b541080_0, 8, 4;
    %movi 12, 11, 4;
    %set/v v0x10b540d10_0, 12, 4;
    %load/v 16, v0x10b540f30_0, 8;
    %set/v v0x10b541000_0, 16, 8;
    %set/v v0x10b540c90_0, 0, 4;
    %set/v v0x10b5411e0_0, 0, 2;
    %jmp T_18.10;
T_18.10 ;
T_18.5 ;
    %load/v 8, v0x10b5411e0_0, 2;
    %mov 10, 0, 2;
    %cmpi/u 8, 2, 4;
    %jmp/0xz  T_18.11, 4;
    %load/v 8, v0x10b540c10_0, 7;
    %cmpi/u 8, 1, 7;
    %jmp/1 T_18.13, 6;
    %cmpi/u 8, 2, 7;
    %jmp/1 T_18.14, 6;
    %cmpi/u 8, 3, 7;
    %jmp/1 T_18.15, 6;
    %cmpi/u 8, 4, 7;
    %jmp/1 T_18.16, 6;
    %cmpi/u 8, 5, 7;
    %jmp/1 T_18.17, 6;
    %cmpi/u 8, 6, 7;
    %jmp/1 T_18.18, 6;
    %cmpi/u 8, 7, 7;
    %jmp/1 T_18.19, 6;
    %cmpi/u 8, 8, 7;
    %jmp/1 T_18.20, 6;
    %cmpi/u 8, 9, 7;
    %jmp/1 T_18.21, 6;
    %cmpi/u 8, 10, 7;
    %jmp/1 T_18.22, 6;
    %cmpi/u 8, 11, 7;
    %jmp/1 T_18.23, 6;
    %cmpi/u 8, 12, 7;
    %jmp/1 T_18.24, 6;
    %cmpi/u 8, 11, 7;
    %jmp/1 T_18.25, 6;
    %jmp T_18.26;
T_18.13 ;
    %movi 8, 8, 4;
    %set/v v0x10b541080_0, 8, 4;
    %movi 12, 5, 4;
    %set/v v0x10b540d10_0, 12, 4;
    %load/v 12, v0x10b540f30_0, 8;
    %set/v v0x10b541000_0, 12, 8;
    %load/v 12, v0x10b540c10_0, 7;
    %mov 19, 0, 25;
    %addi 12, 1, 32;
    %set/v v0x10b540c10_0, 12, 7;
    %jmp T_18.26;
T_18.14 ;
    %movi 8, 8, 4;
    %set/v v0x10b541080_0, 8, 4;
    %movi 12, 7, 4;
    %set/v v0x10b540d10_0, 12, 4;
    %load/v 12, v0x10b540f30_0, 8;
    %set/v v0x10b541000_0, 12, 8;
    %load/v 12, v0x10b540c10_0, 7;
    %mov 19, 0, 25;
    %addi 12, 1, 32;
    %set/v v0x10b540c10_0, 12, 7;
    %jmp T_18.26;
T_18.15 ;
    %movi 8, 8, 4;
    %set/v v0x10b541080_0, 8, 4;
    %movi 12, 6, 4;
    %set/v v0x10b540d10_0, 12, 4;
    %load/v 12, v0x10b540f30_0, 8;
    %set/v v0x10b541000_0, 12, 8;
    %load/v 12, v0x10b540f30_0, 8;
    %set/v v0x10b541350_0, 12, 8;
    %load/v 12, v0x10b540c10_0, 7;
    %mov 19, 0, 25;
    %addi 12, 1, 32;
    %set/v v0x10b540c10_0, 12, 7;
    %jmp T_18.26;
T_18.16 ;
    %movi 8, 8, 4;
    %set/v v0x10b541080_0, 8, 4;
    %movi 12, 8, 4;
    %set/v v0x10b540d10_0, 12, 4;
    %load/v 16, v0x10b540f30_0, 8;
    %set/v v0x10b541000_0, 16, 8;
    %load/v 16, v0x10b540c10_0, 7;
    %mov 23, 0, 25;
    %addi 16, 1, 32;
    %set/v v0x10b540c10_0, 16, 7;
    %jmp T_18.26;
T_18.17 ;
    %movi 8, 8, 4;
    %set/v v0x10b541080_0, 8, 4;
    %movi 12, 11, 4;
    %set/v v0x10b540d10_0, 12, 4;
    %load/v 16, v0x10b540f30_0, 8;
    %set/v v0x10b541000_0, 16, 8;
    %load/v 16, v0x10b540c10_0, 7;
    %mov 23, 0, 25;
    %addi 16, 1, 32;
    %set/v v0x10b540c10_0, 16, 7;
    %jmp T_18.26;
T_18.18 ;
    %movi 8, 1, 4;
    %set/v v0x10b541080_0, 8, 4;
    %movi 8, 1, 4;
    %set/v v0x10b540d10_0, 8, 4;
    %movi 8, 8, 4;
    %set/v v0x10b540a70_0, 8, 4;
    %movi 12, 7, 4;
    %set/v v0x10b540af0_0, 12, 4;
    %load/v 12, v0x10b540c10_0, 7;
    %mov 19, 0, 25;
    %addi 12, 1, 32;
    %set/v v0x10b540c10_0, 12, 7;
    %jmp T_18.26;
T_18.19 ;
    %movi 8, 1, 4;
    %set/v v0x10b541080_0, 8, 4;
    %set/v v0x10b540d10_0, 0, 4;
    %movi 8, 6, 4;
    %set/v v0x10b540a70_0, 8, 4;
    %movi 8, 5, 4;
    %set/v v0x10b540af0_0, 8, 4;
    %load/v 8, v0x10b540c10_0, 7;
    %mov 15, 0, 25;
    %addi 8, 1, 32;
    %set/v v0x10b540c10_0, 8, 7;
    %jmp T_18.26;
T_18.20 ;
    %movi 8, 2, 4;
    %set/v v0x10b541080_0, 8, 4;
    %movi 8, 4, 4;
    %set/v v0x10b540d10_0, 8, 4;
    %movi 8, 1, 4;
    %set/v v0x10b540a70_0, 8, 4;
    %load/v 8, v0x10b540c10_0, 7;
    %mov 15, 0, 25;
    %addi 8, 1, 32;
    %set/v v0x10b540c10_0, 8, 7;
    %jmp T_18.26;
T_18.21 ;
    %movi 8, 1, 4;
    %set/v v0x10b541080_0, 8, 4;
    %movi 8, 2, 4;
    %set/v v0x10b540d10_0, 8, 4;
    %movi 8, 4, 4;
    %set/v v0x10b540a70_0, 8, 4;
    %set/v v0x10b540af0_0, 0, 4;
    %load/v 8, v0x10b540c10_0, 7;
    %mov 15, 0, 25;
    %addi 8, 1, 32;
    %set/v v0x10b540c10_0, 8, 7;
    %jmp T_18.26;
T_18.22 ;
    %movi 8, 1, 4;
    %set/v v0x10b541080_0, 8, 4;
    %movi 8, 3, 4;
    %set/v v0x10b540d10_0, 8, 4;
    %movi 8, 2, 4;
    %set/v v0x10b540a70_0, 8, 4;
    %set/v v0x10b540af0_0, 0, 4;
    %load/v 8, v0x10b540c10_0, 7;
    %mov 15, 0, 25;
    %addi 8, 1, 32;
    %set/v v0x10b540c10_0, 8, 7;
    %jmp T_18.26;
T_18.23 ;
    %movi 8, 8, 4;
    %set/v v0x10b541080_0, 8, 4;
    %movi 12, 9, 4;
    %set/v v0x10b540d10_0, 12, 4;
    %load/v 16, v0x10b540f30_0, 8;
    %set/v v0x10b541000_0, 16, 8;
    %load/v 16, v0x10b540f30_0, 8;
    %set/v v0x10b5412d0_0, 16, 8;
    %load/v 16, v0x10b540c10_0, 7;
    %mov 23, 0, 25;
    %addi 16, 1, 32;
    %set/v v0x10b540c10_0, 16, 7;
    %jmp T_18.26;
T_18.24 ;
    %movi 8, 8, 4;
    %set/v v0x10b541080_0, 8, 4;
    %movi 12, 10, 4;
    %set/v v0x10b540d10_0, 12, 4;
    %load/v 16, v0x10b540f30_0, 8;
    %set/v v0x10b541000_0, 16, 8;
    %load/v 16, v0x10b540c10_0, 7;
    %mov 23, 0, 25;
    %addi 16, 1, 32;
    %set/v v0x10b540c10_0, 16, 7;
    %jmp T_18.26;
T_18.25 ;
    %fork TD_CCU_tb.U_CCU.loop, S_0x10b5408b0;
    %join;
    %jmp T_18.26;
T_18.26 ;
T_18.11 ;
    %jmp T_18;
    .thread T_18;
    .scope S_0x10b509770;
T_19 ;
    %set/v v0x10b5414d0_0, 0, 1;
    %set/v v0x10b5415d0_0, 0, 5;
    %movi 8, 76, 8;
    %set/v v0x10b541550_0, 8, 8;
    %set/v v0x10b5415d0_0, 0, 5;
T_19.0 ;
    %load/v 8, v0x10b5415d0_0, 5;
    %mov 13, 0, 1;
   %cmpi/u 8, 11, 6;
    %jmp/0xz T_19.1, 5;
    %delay 5, 0;
    %load/v 8, v0x10b5414d0_0, 1;
    %inv 8, 1;
    %set/v v0x10b5414d0_0, 8, 1;
    %load/v 8, v0x10b541550_0, 8;
    %load/v 16, v0x10b5415d0_0, 5;
    %mov 21, 0, 3;
    %sub 8, 16, 8;
    %set/v v0x10b541550_0, 8, 8;
    %load/v 8, v0x10b5415d0_0, 5;
    %mov 13, 0, 27;
    %addi 8, 1, 32;
    %set/v v0x10b5415d0_0, 8, 5;
    %jmp T_19.0;
T_19.1 ;
    %end;
    .thread T_19;
# The file index is used to find the file name in the following table.
:file_names 6;
    "N/A";
    "<interactive>";
    "CCU_tb.v";
    "./CCU.v";
    "./DPU.v";
    "./ALU.v";
