#! /sw/bin/vvp
:ivl_version "0.9.5 " "(v0_9_5)";
:vpi_time_precision + 0;
:vpi_module "system";
:vpi_module "v2005_math";
:vpi_module "va_math";
S_0x109801830 .scope module, "ALU" "ALU" 2 1;
 .timescale 0 0;
v0x109805550_0 .net "a", 7 0, C4<zzzzzzzz>; 0 drivers
v0x109815400_0 .net "b", 7 0, C4<zzzzzzzz>; 0 drivers
v0x109815490_0 .var "cc", 3 0;
v0x109815530_0 .net "n", 2 0, C4<zzz>; 0 drivers
v0x1098155c0_0 .var "r", 7 0;
E_0x109802030 .event edge, v0x109815530_0, v0x109815400_0, v0x109805550_0;
    .scope S_0x109801830;
T_0 ;
    %wait E_0x109802030;
    %vpi_call 2 28 "$display", ">>%b", v0x109815530_0;
    %load/v 8, v0x109815530_0, 3;
    %cmpi/u 8, 0, 3;
    %jmp/1 T_0.0, 6;
    %cmpi/u 8, 1, 3;
    %jmp/1 T_0.1, 6;
    %cmpi/u 8, 10, 3;
    %jmp/1 T_0.2, 6;
    %cmpi/u 8, 11, 3;
    %jmp/1 T_0.3, 6;
    %cmpi/u 8, 100, 3;
    %jmp/1 T_0.4, 6;
    %cmpi/u 8, 101, 3;
    %jmp/1 T_0.5, 6;
    %cmpi/u 8, 110, 3;
    %jmp/1 T_0.6, 6;
    %cmpi/u 8, 111, 3;
    %jmp/1 T_0.7, 6;
    %jmp T_0.8;
T_0.0 ;
    %vpi_call 2 30 "$display", "000";
    %jmp T_0.8;
T_0.1 ;
    %vpi_call 2 31 "$display", "001";
    %jmp T_0.8;
T_0.2 ;
    %vpi_call 2 32 "$display", "010";
    %jmp T_0.8;
T_0.3 ;
    %vpi_call 2 33 "$display", "011";
    %jmp T_0.8;
T_0.4 ;
    %vpi_call 2 34 "$display", "100";
    %jmp T_0.8;
T_0.5 ;
    %vpi_call 2 35 "$display", "101";
    %jmp T_0.8;
T_0.6 ;
    %vpi_call 2 36 "$display", "110";
    %jmp T_0.8;
T_0.7 ;
    %vpi_call 2 37 "$display", "111";
    %jmp T_0.8;
T_0.8 ;
    %jmp T_0;
    .thread T_0, $push;
# The file index is used to find the file name in the following table.
:file_names 3;
    "N/A";
    "<interactive>";
    "ALU.v";
