#! /sw/bin/vvp
:ivl_version "0.9.5 " "(v0_9_5)";
:vpi_time_precision + 0;
:vpi_module "system";
:vpi_module "v2005_math";
:vpi_module "va_math";
S_0x1030017c0 .scope module, "ALU_tb" "ALU_tb" 2 2;
 .timescale 0 0;
v0x1030181e0_0 .var "a", 7 0;
v0x103018270_0 .var "b", 7 0;
v0x103018310_0 .net "cc", 3 0, v0x103017ff0_0; 1 drivers
v0x1030183d0_0 .var "n", 2 0;
v0x103018470_0 .net "r", 7 0, v0x103018120_0; 1 drivers
S_0x1030018a0 .scope module, "U_ALU" "ALU" 2 25, 3 1, S_0x1030017c0;
 .timescale 0 0;
v0x103003cf0_0 .net "a", 7 0, v0x1030181e0_0; 1 drivers
v0x103017f60_0 .net "b", 7 0, v0x103018270_0; 1 drivers
v0x103017ff0_0 .var "cc", 3 0;
v0x103018090_0 .net "n", 2 0, v0x1030183d0_0; 1 drivers
v0x103018120_0 .var "r", 7 0;
E_0x103003fa0 .event edge, v0x103018090_0, v0x103017f60_0, v0x103003cf0_0;
    .scope S_0x1030018a0;
T_0 ;
    %wait E_0x103003fa0;
    %vpi_call 3 28 "$display", ">>%b", v0x103018090_0;
    %load/v 8, v0x103018090_0, 3;
    %cmpi/u 8, 0, 3;
    %jmp/1 T_0.0, 6;
    %cmpi/u 8, 1, 3;
    %jmp/1 T_0.1, 6;
    %cmpi/u 8, 10, 3;
    %jmp/1 T_0.2, 6;
    %cmpi/u 8, 11, 3;
    %jmp/1 T_0.3, 6;
    %cmpi/u 8, 100, 3;
    %jmp/1 T_0.4, 6;
    %cmpi/u 8, 101, 3;
    %jmp/1 T_0.5, 6;
    %cmpi/u 8, 110, 3;
    %jmp/1 T_0.6, 6;
    %cmpi/u 8, 111, 3;
    %jmp/1 T_0.7, 6;
    %vpi_call 3 38 "$display", "XXX";
    %jmp T_0.9;
T_0.0 ;
    %vpi_call 3 30 "$display", "000";
    %jmp T_0.9;
T_0.1 ;
    %vpi_call 3 31 "$display", "001";
    %jmp T_0.9;
T_0.2 ;
    %vpi_call 3 32 "$display", "010";
    %jmp T_0.9;
T_0.3 ;
    %vpi_call 3 33 "$display", "011";
    %jmp T_0.9;
T_0.4 ;
    %vpi_call 3 34 "$display", "100";
    %jmp T_0.9;
T_0.5 ;
    %vpi_call 3 35 "$display", "101";
    %jmp T_0.9;
T_0.6 ;
    %vpi_call 3 36 "$display", "110";
    %jmp T_0.9;
T_0.7 ;
    %vpi_call 3 37 "$display", "111";
    %jmp T_0.9;
T_0.9 ;
    %jmp T_0;
    .thread T_0, $push;
    .scope S_0x1030017c0;
T_1 ;
    %vpi_call 2 12 "$monitor", "%b %b", v0x103018470_0, v0x1030183d0_0;
    %movi 8, 170, 8;
    %set/v v0x1030181e0_0, 8, 8;
    %movi 8, 170, 8;
    %set/v v0x103018270_0, 8, 8;
    %set/v v0x1030183d0_0, 0, 3;
    %delay 5, 0;
    %movi 8, 1, 3;
    %set/v v0x1030183d0_0, 8, 3;
    %delay 10, 0;
    %movi 8, 2, 3;
    %set/v v0x1030183d0_0, 8, 3;
    %delay 15, 0;
    %movi 8, 3, 3;
    %set/v v0x1030183d0_0, 8, 3;
    %end;
    .thread T_1;
# The file index is used to find the file name in the following table.
:file_names 4;
    "N/A";
    "<interactive>";
    "ALU_tb.v";
    "./ALU.v";
