#! /usr/local/bin/vvp
:ivl_version "0.9.5 " "(v0_9_5)";
:vpi_time_precision + 0;
:vpi_module "system";
:vpi_module "v2005_math";
:vpi_module "va_math";
S_0x107401710 .scope module, "ALU_tb" "ALU_tb" 2 2;
 .timescale 0 0;
v0x107419690_0 .var "a", 7 0;
v0x107419720_0 .var "b", 7 0;
v0x1074197c0_0 .net "cc", 3 0, v0x1074194a0_0; 1 drivers
v0x107419880_0 .var "n", 2 0;
v0x107419920_0 .net "r", 7 0, v0x1074195d0_0; 1 drivers
S_0x1074017f0 .scope module, "U_ALU" "ALU" 2 29, 3 1, S_0x107401710;
 .timescale 0 0;
v0x107404330_0 .net "a", 7 0, v0x107419690_0; 1 drivers
v0x107419410_0 .net "b", 7 0, v0x107419720_0; 1 drivers
v0x1074194a0_0 .var "cc", 3 0;
v0x107419540_0 .net "n", 2 0, v0x107419880_0; 1 drivers
v0x1074195d0_0 .var "r", 7 0;
E_0x107404600 .event edge, v0x107419540_0, v0x107419410_0, v0x107404330_0;
S_0x1074096b0 .scope task, "passB" "passB" 3 50, 3 50, S_0x1074017f0;
 .timescale 0 0;
TD_ALU_tb.U_ALU.passB ;
    %vpi_call 3 52 "$display", "101";
    %load/v 8, v0x107419410_0, 8;
    %set/v v0x1074195d0_0, 8, 8;
    %end;
    .scope S_0x1074017f0;
T_1 ;
    %wait E_0x107404600;
    %vpi_call 3 28 "$display", ">>%b", v0x107419540_0;
    %load/v 8, v0x107419540_0, 3;
    %cmpi/u 8, 0, 3;
    %jmp/1 T_1.0, 6;
    %cmpi/u 8, 1, 3;
    %jmp/1 T_1.1, 6;
    %cmpi/u 8, 2, 3;
    %jmp/1 T_1.2, 6;
    %cmpi/u 8, 3, 3;
    %jmp/1 T_1.3, 6;
    %cmpi/u 8, 4, 3;
    %jmp/1 T_1.4, 6;
    %cmpi/u 8, 5, 3;
    %jmp/1 T_1.5, 6;
    %cmpi/u 8, 6, 3;
    %jmp/1 T_1.6, 6;
    %cmpi/u 8, 7, 3;
    %jmp/1 T_1.7, 6;
    %vpi_call 3 42 "$display", "XXX";
    %jmp T_1.9;
T_1.0 ;
    %vpi_call 3 30 "$display", "000";
    %jmp T_1.9;
T_1.1 ;
    %vpi_call 3 31 "$display", "001";
    %jmp T_1.9;
T_1.2 ;
    %vpi_call 3 32 "$display", "010";
    %jmp T_1.9;
T_1.3 ;
    %vpi_call 3 33 "$display", "011";
    %jmp T_1.9;
T_1.4 ;
    %vpi_call 3 35 "$display", "100";
    %load/v 8, v0x107404330_0, 8;
    %set/v v0x1074195d0_0, 8, 8;
    %jmp T_1.9;
T_1.5 ;
    %fork TD_ALU_tb.U_ALU.passB, S_0x1074096b0;
    %join;
    %jmp T_1.9;
T_1.6 ;
    %vpi_call 3 40 "$display", "110";
    %jmp T_1.9;
T_1.7 ;
    %vpi_call 3 41 "$display", "111";
    %jmp T_1.9;
T_1.9 ;
    %jmp T_1;
    .thread T_1, $push;
    .scope S_0x107401710;
T_2 ;
    %movi 8, 170, 8;
    %set/v v0x107419690_0, 8, 8;
    %movi 8, 170, 8;
    %set/v v0x107419720_0, 8, 8;
    %set/v v0x107419880_0, 0, 3;
    %delay 5, 0;
    %movi 8, 1, 3;
    %set/v v0x107419880_0, 8, 3;
    %delay 10, 0;
    %movi 8, 2, 3;
    %set/v v0x107419880_0, 8, 3;
    %delay 15, 0;
    %movi 8, 3, 3;
    %set/v v0x107419880_0, 8, 3;
    %delay 20, 0;
    %movi 8, 4, 3;
    %set/v v0x107419880_0, 8, 3;
    %delay 25, 0;
    %movi 8, 5, 3;
    %set/v v0x107419880_0, 8, 3;
    %delay 30, 0;
    %movi 8, 6, 3;
    %set/v v0x107419880_0, 8, 3;
    %delay 35, 0;
    %set/v v0x107419880_0, 1, 3;
    %end;
    .thread T_2;
# The file index is used to find the file name in the following table.
:file_names 4;
    "N/A";
    "<interactive>";
    "ALU_tb.v";
    "./ALU.v";
